<?xml version="1.0" encoding="UTF-8"?>
<testsuite xmlns:xsi="http://www.w3.org/2001/XMLSchema-instance" xsi:noNamespaceSchemaLocation="https://maven.apache.org/surefire/maven-surefire-plugin/xsd/surefire-test-report.xsd" version="3.0.2" name="calculator.CucumberTest" time="0.251" tests="13" errors="0" skipped="0" failures="0">
  <properties>
[...]
</properties>
  <testcase name="Addition" classname="Basic Arithmetic" time="0.13">
    <system-out><![CDATA[10:24:29.201 [main] DEBUG calculator.CalculatorSteps -- Adding 4 and 5
10:24:29.208 [main] DEBUG calculator.CalculatorSteps -- Result: 9.0 (expected 9.0)
]]></system-out>
  </testcase>
  <testcase name="Substraction" classname="Basic Arithmetic" time="0.005">
    <system-out><![CDATA[10:24:29.218 [main] DEBUG calculator.CalculatorSteps -- Substracting 7 and 2
10:24:29.219 [main] DEBUG calculator.CalculatorSteps -- Result: 5.0 (expected 5.0)
]]></system-out>
  </testcase>
  <testcase name="Multiplication" classname="Basic Arithmetic" time="0.004">
    <system-out><![CDATA[10:24:29.223 [main] DEBUG calculator.CalculatorSteps -- Multiplying 4 and 5
10:24:29.223 [main] DEBUG calculator.CalculatorSteps -- Result: 20.0 (expected 20.0)
]]></system-out>
  </testcase>
  <testcase name="Division" classname="Basic Arithmetic" time="0.005">
    <system-out><![CDATA[10:24:29.228 [main] DEBUG calculator.CalculatorSteps -- dividing 18 by 3
10:24:29.228 [main] DEBUG calculator.CalculatorSteps -- Result: 6.0 (expected 6.0)
]]></system-out>
  </testcase>
  <testcase name="Division by 0" classname="Basic Arithmetic" time="0.005">
    <system-out><![CDATA[10:24:29.233 [main] DEBUG calculator.CalculatorSteps -- dividing 6 by 0
10:24:29.234 [main] DEBUG calculator.CalculatorSteps -- Error: Division by zero
]]></system-out>
  </testcase>
  <testcase name="Example #1.1" classname="Single digits" time="0.005">
    <system-out><![CDATA[10:24:29.238 [main] DEBUG calculator.CalculatorSteps -- Adding 1 and 2
10:24:29.238 [main] DEBUG calculator.CalculatorSteps -- Result: 3.0 (expected 3.0)
]]></system-out>
  </testcase>
  <testcase name="Example #1.1" classname="Single digits" time="0.004">
    <system-out><![CDATA[10:24:29.246 [main] DEBUG calculator.CalculatorSteps -- Substracting 1 and 2
10:24:29.246 [main] DEBUG calculator.CalculatorSteps -- Result: -1.0 (expected -1.0)
]]></system-out>
  </testcase>
  <testcase name="Example #1.1" classname="Single digits" time="0.003">
    <system-out><![CDATA[10:24:29.254 [main] DEBUG calculator.CalculatorSteps -- Multiplying 1 and 2
10:24:29.255 [main] DEBUG calculator.CalculatorSteps -- Result: 2.0 (expected 2.0)
]]></system-out>
  </testcase>
  <testcase name="Example #1.1" classname="Single digits" time="0.004">
    <system-out><![CDATA[10:24:29.263 [main] DEBUG calculator.CalculatorSteps -- dividing 4 by 2
10:24:29.263 [main] DEBUG calculator.CalculatorSteps -- Result: 2.0 (expected 2.0)
]]></system-out>
  </testcase>
  <testcase name="Example #1.2" classname="Single digits" time="0.004">
    <system-out><![CDATA[10:24:29.242 [main] DEBUG calculator.CalculatorSteps -- Adding 3 and 7
10:24:29.242 [main] DEBUG calculator.CalculatorSteps -- Result: 10.0 (expected 10.0)
]]></system-out>
  </testcase>
  <testcase name="Example #1.2" classname="Single digits" time="0.004">
    <system-out><![CDATA[10:24:29.251 [main] DEBUG calculator.CalculatorSteps -- Substracting 3 and 7
10:24:29.251 [main] DEBUG calculator.CalculatorSteps -- Result: -4.0 (expected -4.0)
]]></system-out>
  </testcase>
  <testcase name="Example #1.2" classname="Single digits" time="0.004">
    <system-out><![CDATA[10:24:29.259 [main] DEBUG calculator.CalculatorSteps -- Multiplying 3 and 7
10:24:29.259 [main] DEBUG calculator.CalculatorSteps -- Result: 21.0 (expected 21.0)
]]></system-out>
  </testcase>
  <testcase name="Example #1.2" classname="Single digits" time="0.004">
    <system-out><![CDATA[10:24:29.267 [main] DEBUG calculator.CalculatorSteps -- dividing 6 by 3
10:24:29.267 [main] DEBUG calculator.CalculatorSteps -- Result: 2.0 (expected 2.0)
]]></system-out>
  </testcase>
</testsuite>